2026-04-26 10:59:56,517  DEBUG     ford_api              [GARAGE] GET https://api.vehicle.ford.com/fcon-query/v1/garage
2026-04-26 10:59:56,517  DEBUG     ford_api              [GARAGE] Request headers: {
  "Authorization": "Bearer eyJhbGciOiJS...L-vlaQ",
  "Accept": "application/json",
  "Content-Type": "application/json",
  "User-Agent": "FordPass/1.0 CFNetwork/1494.0.7 Darwin/23.4.0",
  "Application-Id": "7926ba4a-9e20-4984-baf8-dde00444736f",
  "api-version": "2020-06-01"
}
2026-04-26 10:59:56,802  DEBUG     ford_api              [GARAGE] Response: HTTP 200 (attempt 1/3)
2026-04-26 10:59:56,802  DEBUG     ford_api              [GARAGE] Response headers: {
  "x-trace-id": "0c4abdf3-9a22-42fb-8cdb-caaa5a20d261",
  "x-content-type-options": "nosniff",
  "cache-control": "no-cache, no-store, max-age=0, must-revalidate",
  "pragma": "no-cache",
  "expires": "0",
  "x-frame-options": "DENY",
  "content-security-policy": "frame-ancestors 'none'; default-src 'self'; connect-src 'self' *.ford.com; img-src 'self' *.ford.com; script-src 'self'; object-src 'none'; form-action 'self'",
  "content-type": "application/json",
  "date": "Sun, 26 Apr 2026 16:59:56 GMT",
  "access-control-allow-credentials": "true",
  "x-request-id": "c58517ea-172e-4ec0-a274-efd154b5c416",
  "via": "1.1 google",
  "X-GLB-Version": "1.7",
  "X-From": "vert05-prod",
  "Alt-Svc": "h3=\":443\"; ma=2592000",
  "Transfer-Encoding": "chunked"
}
2026-04-26 10:59:56,803  DEBUG     ford_api              [GARAGE] Response body: {"vin":"1FT6W5L78RWG14285","nickName":"Kevin's Lightning","vehicleType":"2024 F-150","color":"ANTIMATTER BLUE/SIGNATURE NAVY","modelName":"F-150","modelCode":"VLFD","modelYear":"2024","tcuEnabled":1,"make":"Ford","ngSdnManaged":1,"vehicleAuthorizationIndicator":1,"engineType":"BEV"}
2026-04-26 10:59:56,806  INFO      ford_api              [GARAGE] SUCCESS – full response written above
2026-04-26 10:59:56,822  DEBUG     ford_api              [TELEMETRY] GET https://api.vehicle.ford.com/fcon-query/v1/telemetry
2026-04-26 10:59:56,822  DEBUG     ford_api              [TELEMETRY] Request headers: {
  "Authorization": "Bearer eyJhbGciOiJS...L-vlaQ",
  "Accept": "application/json",
  "Content-Type": "application/json",
  "User-Agent": "FordPass/1.0 CFNetwork/1494.0.7 Darwin/23.4.0",
  "Application-Id": "7926ba4a-9e20-4984-baf8-dde00444736f",
  "api-version": "2020-06-01"
}
2026-04-26 10:59:57,607  DEBUG     ford_api              [TELEMETRY] Response: HTTP 200 (attempt 1/3)
2026-04-26 10:59:57,608  DEBUG     ford_api              [TELEMETRY] Response headers: {
  "x-trace-id": "9924e2ae-da56-4119-aae7-8e6ab3123dc2",
  "x-content-type-options": "nosniff",
  "cache-control": "no-cache, no-store, max-age=0, must-revalidate",
  "pragma": "no-cache",
  "expires": "0",
  "x-frame-options": "DENY",
  "content-security-policy": "frame-ancestors 'none'; default-src 'self'; connect-src 'self' *.ford.com; img-src 'self' *.ford.com; script-src 'self'; object-src 'none'; form-action 'self'",
  "content-type": "application/json",
  "date": "Sun, 26 Apr 2026 16:59:57 GMT",
  "access-control-allow-credentials": "true",
  "x-request-id": "1bcb1c27-4cfa-41f9-824f-8f42bc4395d8",
  "via": "1.1 google",
  "X-GLB-Version": "1.7",
  "X-From": "vert05-prod",
  "Alt-Svc": "h3=\":443\"; ma=2592000,h3-29=\":443\"; ma=2592000",
  "Transfer-Encoding": "chunked"
}
2026-04-26 10:59:57,608  DEBUG     ford_api              [TELEMETRY] Response body: {"updateTime":"2026-04-26T14:08:27.752Z","vehicleId":"31ced3c6-8413-4afc-99cd-d32e497ac0d8","vin":"1FT6W5L78RWG14285","metrics":{"alarmStatus":{"updateTime":"2026-04-26T06:52:12Z","oemCorrelationId":"27517","tags":{"ALARM_SOURCE":"UNKNOWN"},"value":"DISARMED"},"acceleration":{"updateTime":"2026-04-25T22:25:33Z","oemCorrelationId":"26472","value":{"x":-0.11999893,"y":0.09000015,"z":0.0,"sensorType":"ACCELEROMETER_DATA"}},"acceleratorPedalPosition":{"updateTime":"2026-04-26T07:17:12Z","oemCorrelationId":"27523","value":0.0},"ambientTemp":{"updateTime":"2026-04-26T06:52:18Z","oemCorrelationId":"27518","value":0.0},"batteryStateOfCharge":{"updateTime":"2026-04-26T06:52:12Z","oemCorrelationId":"27517","value":100.0,"vehicleBattery":"PRIMARY_BATTERY"},"batteryVoltage":{"updateTime":"2026-04-26T06:52:12Z","oemCorrelationId":"27517","value":13.0,"vehicleBattery":"PRIMARY_BATTERY"},"brakePedalStatus":{"updateTime":"2026-04-26T07:17:12Z","oemCorrelationId":"27523","value":"OFF"},"brakeTorque":{"updateTime":"2026-04-26T06:52:12Z","oemCorrelationId":"27517","value":0.0},"compassDirection":{"updateTime":"2026-04-26T06:52:18Z","oemCorrelationId":"27518","value":"NORTHEAST","gpsModuleTimestamp":"2026-04-26T06:52:18Z"},"doorLockStatus":[{"updateTime":"2026-04-26T06:52:12Z","oemCorrelationId":"27517","value":"UNLOCKED","vehicleDoor":"ALL_DOORS"},{"updateTime":"2026-04-26T06:52:12Z","oemCorrelationId":"27517","value":"UNLOCKED","vehicleDoor":"UNSPECIFIED_FRONT","vehicleOccupantRole":"DRIVER","vehicleSide":"DRIVER"}],"doorStatus":[{"updateTime":"2026-04-26T06:52:12Z","oemCorrelationId":"27517","value":"CLOSED","vehicleDoor":"UNSPECIFIED_FRONT","vehicleOccupantRole":"DRIVER","vehicleSide":"DRIVER"},{"updateTime":"2026-04-26T06:52:12Z","oemCorrelationId":"27517","value":"CLOSED","vehicleDoor":"UNSPECIFIED_FRONT","vehicleOccupantRole":"PASSENGER","vehicleSide":"PASSENGER"},{"updateTime":"2026-04-26T06:52:12Z","oemCorrelationId":"27517","value":"CLOSED","vehicleDoor":"REAR_RIGHT","vehicle
2026-04-26 10:59:57,609  INFO      ford_api              [TELEMETRY] SUCCESS – full response written above
2026-04-26 11:19:24,660  DEBUG     ford_api              [TELEMETRY] GET https://api.vehicle.ford.com/fcon-query/v1/telemetry
2026-04-26 11:19:24,660  DEBUG     ford_api              [TELEMETRY] Request headers: {
  "Authorization": "Bearer eyJhbGciOiJS...L-vlaQ",
  "Accept": "application/json",
  "Content-Type": "application/json",
  "User-Agent": "FordPass/1.0 CFNetwork/1494.0.7 Darwin/23.4.0",
  "Application-Id": "7926ba4a-9e20-4984-baf8-dde00444736f",
  "api-version": "2020-06-01"
}
2026-04-26 11:19:25,406  DEBUG     ford_api              [TELEMETRY] Response: HTTP 200 (attempt 1/3)
2026-04-26 11:19:25,406  DEBUG     ford_api              [TELEMETRY] Response headers: {
  "x-trace-id": "f59550e6-3247-4914-8278-c1ba7d317fb6",
  "x-content-type-options": "nosniff",
  "cache-control": "no-cache, no-store, max-age=0, must-revalidate",
  "pragma": "no-cache",
  "expires": "0",
  "x-frame-options": "DENY",
  "content-security-policy": "frame-ancestors 'none'; default-src 'self'; connect-src 'self' *.ford.com; img-src 'self' *.ford.com; script-src 'self'; object-src 'none'; form-action 'self'",
  "content-type": "application/json",
  "date": "Sun, 26 Apr 2026 17:19:25 GMT",
  "access-control-allow-credentials": "true",
  "x-request-id": "e7d8cc93-ccc1-4a53-b458-7b5e99313754",
  "via": "1.1 google",
  "X-GLB-Version": "1.7",
  "X-From": "vert05-prod",
  "Alt-Svc": "h3=\":443\"; ma=2592000",
  "Transfer-Encoding": "chunked"
}
2026-04-26 11:19:25,407  DEBUG     ford_api              [TELEMETRY] Response body: {"updateTime":"2026-04-26T14:08:27.752Z","vehicleId":"31ced3c6-8413-4afc-99cd-d32e497ac0d8","vin":"1FT6W5L78RWG14285","metrics":{"alarmStatus":{"updateTime":"2026-04-26T06:52:12Z","oemCorrelationId":"27517","tags":{"ALARM_SOURCE":"UNKNOWN"},"value":"DISARMED"},"acceleration":{"updateTime":"2026-04-25T22:25:33Z","oemCorrelationId":"26472","value":{"x":-0.11999893,"y":0.09000015,"z":0.0,"sensorType":"ACCELEROMETER_DATA"}},"acceleratorPedalPosition":{"updateTime":"2026-04-26T07:17:12Z","oemCorrelationId":"27523","value":0.0},"ambientTemp":{"updateTime":"2026-04-26T06:52:18Z","oemCorrelationId":"27518","value":0.0},"batteryStateOfCharge":{"updateTime":"2026-04-26T06:52:12Z","oemCorrelationId":"27517","value":100.0,"vehicleBattery":"PRIMARY_BATTERY"},"batteryVoltage":{"updateTime":"2026-04-26T06:52:12Z","oemCorrelationId":"27517","value":13.0,"vehicleBattery":"PRIMARY_BATTERY"},"brakePedalStatus":{"updateTime":"2026-04-26T07:17:12Z","oemCorrelationId":"27523","value":"OFF"},"brakeTorque":{"updateTime":"2026-04-26T06:52:12Z","oemCorrelationId":"27517","value":0.0},"compassDirection":{"updateTime":"2026-04-26T06:52:18Z","oemCorrelationId":"27518","value":"NORTHEAST","gpsModuleTimestamp":"2026-04-26T06:52:18Z"},"doorLockStatus":[{"updateTime":"2026-04-26T06:52:12Z","oemCorrelationId":"27517","value":"UNLOCKED","vehicleDoor":"ALL_DOORS"},{"updateTime":"2026-04-26T06:52:12Z","oemCorrelationId":"27517","value":"UNLOCKED","vehicleDoor":"UNSPECIFIED_FRONT","vehicleOccupantRole":"DRIVER","vehicleSide":"DRIVER"}],"doorStatus":[{"updateTime":"2026-04-26T06:52:12Z","oemCorrelationId":"27517","value":"CLOSED","vehicleDoor":"UNSPECIFIED_FRONT","vehicleOccupantRole":"DRIVER","vehicleSide":"DRIVER"},{"updateTime":"2026-04-26T06:52:12Z","oemCorrelationId":"27517","value":"CLOSED","vehicleDoor":"UNSPECIFIED_FRONT","vehicleOccupantRole":"PASSENGER","vehicleSide":"PASSENGER"},{"updateTime":"2026-04-26T06:52:12Z","oemCorrelationId":"27517","value":"CLOSED","vehicleDoor":"REAR_RIGHT","vehicle
2026-04-26 11:19:25,408  INFO      ford_api              [TELEMETRY] SUCCESS – full response written above
2026-04-26 11:20:26,647  DEBUG     ford_api              [TELEMETRY] GET https://api.vehicle.ford.com/fcon-query/v1/telemetry
2026-04-26 11:20:26,647  DEBUG     ford_api              [TELEMETRY] Request headers: {
  "Authorization": "Bearer eyJhbGciOiJS...AkJKBg",
  "Accept": "application/json",
  "Content-Type": "application/json",
  "User-Agent": "FordPass/1.0 CFNetwork/1494.0.7 Darwin/23.4.0",
  "Application-Id": "7926ba4a-9e20-4984-baf8-dde00444736f",
  "api-version": "2020-06-01"
}
2026-04-26 11:20:27,250  DEBUG     ford_api              [TELEMETRY] Response: HTTP 200 (attempt 1/3)
2026-04-26 11:20:27,250  DEBUG     ford_api              [TELEMETRY] Response headers: {
  "x-trace-id": "8c67631b-9e8b-4646-9d22-bb567576a7fd",
  "x-content-type-options": "nosniff",
  "cache-control": "no-cache, no-store, max-age=0, must-revalidate",
  "pragma": "no-cache",
  "expires": "0",
  "x-frame-options": "DENY",
  "content-security-policy": "frame-ancestors 'none'; default-src 'self'; connect-src 'self' *.ford.com; img-src 'self' *.ford.com; script-src 'self'; object-src 'none'; form-action 'self'",
  "content-type": "application/json",
  "date": "Sun, 26 Apr 2026 17:20:27 GMT",
  "access-control-allow-credentials": "true",
  "x-request-id": "1bf3a65b-5774-47ce-959c-01a823823afe",
  "via": "1.1 google",
  "X-GLB-Version": "1.7",
  "X-From": "vert05-prod",
  "Alt-Svc": "h3=\":443\"; ma=2592000,h3-29=\":443\"; ma=2592000",
  "Transfer-Encoding": "chunked"
}
2026-04-26 11:20:27,250  DEBUG     ford_api              [TELEMETRY] Response body: {"updateTime":"2026-04-26T14:08:27.752Z","vehicleId":"31ced3c6-8413-4afc-99cd-d32e497ac0d8","vin":"1FT6W5L78RWG14285","metrics":{"alarmStatus":{"updateTime":"2026-04-26T06:52:12Z","oemCorrelationId":"27517","tags":{"ALARM_SOURCE":"UNKNOWN"},"value":"DISARMED"},"acceleration":{"updateTime":"2026-04-25T22:25:33Z","oemCorrelationId":"26472","value":{"x":-0.11999893,"y":0.09000015,"z":0.0,"sensorType":"ACCELEROMETER_DATA"}},"acceleratorPedalPosition":{"updateTime":"2026-04-26T07:17:12Z","oemCorrelationId":"27523","value":0.0},"ambientTemp":{"updateTime":"2026-04-26T06:52:18Z","oemCorrelationId":"27518","value":0.0},"batteryStateOfCharge":{"updateTime":"2026-04-26T06:52:12Z","oemCorrelationId":"27517","value":100.0,"vehicleBattery":"PRIMARY_BATTERY"},"batteryVoltage":{"updateTime":"2026-04-26T06:52:12Z","oemCorrelationId":"27517","value":13.0,"vehicleBattery":"PRIMARY_BATTERY"},"brakePedalStatus":{"updateTime":"2026-04-26T07:17:12Z","oemCorrelationId":"27523","value":"OFF"},"brakeTorque":{"updateTime":"2026-04-26T06:52:12Z","oemCorrelationId":"27517","value":0.0},"compassDirection":{"updateTime":"2026-04-26T06:52:18Z","oemCorrelationId":"27518","value":"NORTHEAST","gpsModuleTimestamp":"2026-04-26T06:52:18Z"},"doorLockStatus":[{"updateTime":"2026-04-26T06:52:12Z","oemCorrelationId":"27517","value":"UNLOCKED","vehicleDoor":"ALL_DOORS"},{"updateTime":"2026-04-26T06:52:12Z","oemCorrelationId":"27517","value":"UNLOCKED","vehicleDoor":"UNSPECIFIED_FRONT","vehicleOccupantRole":"DRIVER","vehicleSide":"DRIVER"}],"doorStatus":[{"updateTime":"2026-04-26T06:52:12Z","oemCorrelationId":"27517","value":"CLOSED","vehicleDoor":"UNSPECIFIED_FRONT","vehicleOccupantRole":"DRIVER","vehicleSide":"DRIVER"},{"updateTime":"2026-04-26T06:52:12Z","oemCorrelationId":"27517","value":"CLOSED","vehicleDoor":"UNSPECIFIED_FRONT","vehicleOccupantRole":"PASSENGER","vehicleSide":"PASSENGER"},{"updateTime":"2026-04-26T06:52:12Z","oemCorrelationId":"27517","value":"CLOSED","vehicleDoor":"REAR_RIGHT","vehicle
2026-04-26 11:20:27,250  INFO      ford_api              [TELEMETRY] SUCCESS – full response written above
