2026-04-26 10:59:56,514  INFO      poller                ═══ INITIAL SETUP POLL START ═══
2026-04-26 10:59:56,514  INFO      poller                [SETUP STEP 1/4] Obtaining access token...
2026-04-26 10:59:56,517  INFO      poller                [SETUP STEP 1/4] Access token obtained successfully
2026-04-26 10:59:56,517  INFO      poller                [SETUP STEP 2/4] Fetching garage info from Ford API...
2026-04-26 10:59:56,517  INFO      poller                [GARAGE] GET https://api.vehicle.ford.com/fcon-query/v1/garage
2026-04-26 10:59:56,800  INFO      poller                [GARAGE] → HTTP 200 (attempt 1/3)
2026-04-26 10:59:56,803  INFO      poller                [GARAGE] SUCCESS – keys: ['vin', 'nickName', 'vehicleType', 'color', 'modelName', 'modelCode', 'modelYear', 'tcuEnabled', 'make', 'ngSdnManaged', 'vehicleAuthorizationIndicator', 'engineType']
2026-04-26 10:59:56,811  INFO      poller                [SETUP STEP 2/4] Garage data received – storing to database
2026-04-26 10:59:56,811  INFO      poller                [GARAGE] Found 1 vehicle(s) in garage response
2026-04-26 10:59:56,811  INFO      poller                [GARAGE] Vehicle: vin=1FT6W5L78RWG14285 nickname=Kevin's Lightning make=Ford model=F-150 year=2024
2026-04-26 10:59:56,819  INFO      poller                [SETUP STEP 3/4] Fetching telemetry from Ford API...
2026-04-26 10:59:56,821  INFO      poller                [TELEMETRY] GET https://api.vehicle.ford.com/fcon-query/v1/telemetry
2026-04-26 10:59:57,607  INFO      poller                [TELEMETRY] → HTTP 200 (attempt 1/3)
2026-04-26 10:59:57,609  INFO      poller                [TELEMETRY] SUCCESS – keys: ['updateTime', 'vehicleId', 'vin', 'metrics']
2026-04-26 10:59:57,612  INFO      poller                [SETUP STEP 3/4] Telemetry data received
2026-04-26 10:59:57,612  INFO      poller                [SETUP STEP 4/4] Storing telemetry and populating state tables...
2026-04-26 10:59:57,650  INFO      poller                [SETUP STEP 4/4] All data stored successfully
2026-04-26 10:59:57,651  INFO      poller                ═══ INITIAL SETUP POLL COMPLETE ═══
2026-04-26 11:19:24,650  INFO      poller                Poller loop started for VIN=1FT6W5L78RWG14285 (default_interval=60s)
2026-04-26 11:19:24,650  INFO      poller                Poller started
2026-04-26 11:19:24,655  INFO      poller                ── POLL CYCLE START (VIN=1FT6W5L78RWG14285) ──
2026-04-26 11:19:24,655  INFO      poller                [STEP 1/3] Obtaining access token...
2026-04-26 11:19:24,659  INFO      poller                [STEP 1/3] Access token obtained successfully
2026-04-26 11:19:24,659  INFO      poller                [STEP 2/3] Fetching telemetry from Ford API...
2026-04-26 11:19:24,660  INFO      poller                [TELEMETRY] GET https://api.vehicle.ford.com/fcon-query/v1/telemetry
2026-04-26 11:19:25,404  INFO      poller                [TELEMETRY] → HTTP 200 (attempt 1/3)
2026-04-26 11:19:25,408  INFO      poller                [TELEMETRY] SUCCESS – keys: ['updateTime', 'vehicleId', 'vin', 'metrics']
2026-04-26 11:19:25,412  INFO      poller                [STEP 2/3] Telemetry fetched successfully
2026-04-26 11:19:25,413  INFO      poller                [STEP 3/3] Storing telemetry and updating state tables...
2026-04-26 11:19:25,439  INFO      poller                [STEP 3/3] Data stored successfully
2026-04-26 11:19:25,439  INFO      poller                ── POLL CYCLE COMPLETE (VIN=1FT6W5L78RWG14285) ──
2026-04-26 11:20:25,448  INFO      poller                ── POLL CYCLE START (VIN=1FT6W5L78RWG14285) ──
2026-04-26 11:20:25,449  INFO      poller                [STEP 1/3] Obtaining access token...
2026-04-26 11:20:26,647  INFO      poller                [STEP 1/3] Access token obtained successfully
2026-04-26 11:20:26,647  INFO      poller                [STEP 2/3] Fetching telemetry from Ford API...
2026-04-26 11:20:26,647  INFO      poller                [TELEMETRY] GET https://api.vehicle.ford.com/fcon-query/v1/telemetry
2026-04-26 11:20:27,249  INFO      poller                [TELEMETRY] → HTTP 200 (attempt 1/3)
2026-04-26 11:20:27,250  INFO      poller                [TELEMETRY] SUCCESS – keys: ['updateTime', 'vehicleId', 'vin', 'metrics']
2026-04-26 11:20:27,251  INFO      poller                [STEP 2/3] Telemetry fetched successfully
2026-04-26 11:20:27,251  INFO      poller                [STEP 3/3] Storing telemetry and updating state tables...
2026-04-26 11:20:27,276  INFO      poller                [STEP 3/3] Data stored successfully
2026-04-26 11:20:27,276  INFO      poller                ── POLL CYCLE COMPLETE (VIN=1FT6W5L78RWG14285) ──
2026-04-26 11:21:02,548  INFO      poller                Poller stop requested
2026-04-26 11:21:02,548  INFO      poller                Poller loop exited
